<?xml version="1.0" encoding="UTF-8"?>
<testsuite name="com.bridgelabz.indiancensus.AnalyserTest" tests="1" skipped="0" failures="0" errors="0" timestamp="2019-11-29T12:16:47" hostname="admin1-LIVA-Z2V" time="0.017">
  <properties/>
  <testcase name="toTestFilePresentOrNot" classname="com.bridgelabz.indiancensus.AnalyserTest" time="0.017"/>
  <system-out><![CDATA[]]></system-out>
  <system-err><![CDATA[]]></system-err>
</testsuite>
