<?xml version="1.0" encoding="UTF-8"?>
<testsuite name="com.bridgelabz.indiancensus.AnalyserTest" tests="1" skipped="0" failures="0" errors="0" timestamp="2019-11-30T06:20:40" hostname="admin1-LIVA-Z2V" time="0.316">
  <properties/>
  <testcase name="testToCheckTheFileTypeIfNotMatchThenThrowError" classname="com.bridgelabz.indiancensus.AnalyserTest" time="0.316"/>
  <system-out><![CDATA[]]></system-out>
  <system-err><![CDATA[]]></system-err>
</testsuite>
